android/app/build/intermediates/manifest_merge_blame_file/debug/manifest-merger-blame-debug-report.txt
1<?xml version="1.0" encoding="utf-8"?>
2<manifest xmlns:android="http://schemas.android.com/apk/res/android"
3    package="com.example.medi_app"
4    android:versionCode="1"
5    android:versionName="1.0.0" >
6
7    <uses-sdk
8        android:minSdkVersion="23"
9        android:targetSdkVersion="34" />
10    <!--
11         The INTERNET permission is required for development. Specifically,
12         the Flutter tool needs it to communicate with the running application
13         to allow setting breakpoints, to provide hot reload, etc.
14    -->
15    <uses-permission android:name="android.permission.INTERNET" />
15-->src\main\AndroidManifest.xml:2:5-66
15-->src\main\AndroidManifest.xml:2:22-64
16    <uses-permission android:name="android.permission.ACCESS_FINE_LOCATION" />
16-->src\main\AndroidManifest.xml:3:5-78
16-->src\main\AndroidManifest.xml:3:22-76
17    <uses-permission android:name="android.permission.ACCESS_COARSE_LOCATION" />
17-->src\main\AndroidManifest.xml:4:5-80
17-->src\main\AndroidManifest.xml:4:22-78
18    <!--
19 Required to query activities that can process text, see:
20         https://developer.android.com/training/package-visibility and
21         https://developer.android.com/reference/android/content/Intent#ACTION_PROCESS_TEXT.
22
23         In particular, this is used by the Flutter engine in io.flutter.plugin.text.ProcessTextPlugin.
24    -->
25    <queries>
25-->src\main\AndroidManifest.xml:42:5-47:15
26        <intent>
26-->src\main\AndroidManifest.xml:43:9-46:18
27            <action android:name="android.intent.action.PROCESS_TEXT" />
27-->src\main\AndroidManifest.xml:44:13-72
27-->src\main\AndroidManifest.xml:44:21-70
28
29            <data android:mimeType="text/plain" />
29-->src\main\AndroidManifest.xml:45:13-50
29-->src\main\AndroidManifest.xml:45:19-48
30        </intent>
31        <!-- Needs to be explicitly declared on Android R+ -->
32        <package android:name="com.google.android.apps.maps" />
32-->[com.google.android.gms:play-services-maps:18.2.0] AndroidManifest.xml:33:9-64
32-->[com.google.android.gms:play-services-maps:18.2.0] AndroidManifest.xml:33:18-61
33    </queries>
34
35    <uses-permission android:name="android.permission.ACCESS_NETWORK_STATE" />
35-->[com.google.firebase:firebase-auth:23.0.0] AndroidManifest.xml:26:5-79
35-->[com.google.firebase:firebase-auth:23.0.0] AndroidManifest.xml:26:22-76
36    <uses-permission android:name="com.google.android.providers.gsf.permission.READ_GSERVICES" />
36-->[com.google.android.recaptcha:recaptcha:18.4.0] AndroidManifest.xml:9:5-98
36-->[com.google.android.recaptcha:recaptcha:18.4.0] AndroidManifest.xml:9:22-95
37
38    <uses-feature
38-->[com.google.android.gms:play-services-maps:18.2.0] AndroidManifest.xml:26:5-28:35
39        android:glEsVersion="0x00020000"
39-->[com.google.android.gms:play-services-maps:18.2.0] AndroidManifest.xml:27:9-41
40        android:required="true" />
40-->[com.google.android.gms:play-services-maps:18.2.0] AndroidManifest.xml:28:9-32
41
42    <permission
42-->[androidx.core:core:1.13.0] AndroidManifest.xml:22:5-24:47
43        android:name="com.example.medi_app.DYNAMIC_RECEIVER_NOT_EXPORTED_PERMISSION"
43-->[androidx.core:core:1.13.0] AndroidManifest.xml:23:9-81
44        android:protectionLevel="signature" />
44-->[androidx.core:core:1.13.0] AndroidManifest.xml:24:9-44
45
46    <uses-permission android:name="com.example.medi_app.DYNAMIC_RECEIVER_NOT_EXPORTED_PERMISSION" />
46-->[androidx.core:core:1.13.0] AndroidManifest.xml:26:5-97
46-->[androidx.core:core:1.13.0] AndroidManifest.xml:26:22-94
47
48    <application
49        android:name="android.app.Application"
50        android:appComponentFactory="androidx.core.app.CoreComponentFactory"
50-->[androidx.core:core:1.13.0] AndroidManifest.xml:28:18-86
51        android:debuggable="true"
52        android:extractNativeLibs="false"
53        android:icon="@mipmap/ic_launcher"
54        android:label="medi_app" >
55        <activity
56            android:name="com.example.medi_app.MainActivity"
57            android:configChanges="orientation|keyboardHidden|keyboard|screenSize|smallestScreenSize|locale|layoutDirection|fontScale|screenLayout|density|uiMode"
58            android:exported="true"
59            android:hardwareAccelerated="true"
60            android:launchMode="singleTop"
61            android:taskAffinity=""
62            android:theme="@style/LaunchTheme"
63            android:windowSoftInputMode="adjustResize" >
64
65            <!--
66                 Specifies an Android theme to apply to this Activity as soon as
67                 the Android process has started. This theme is visible to the user
68                 while the Flutter UI initializes. After that, this theme continues
69                 to determine the Window background behind the Flutter UI.
70            -->
71            <!-- Add your Google Maps API key here -->
72            <meta-data
73                android:name="com.google.android.geo.API_KEY"
74                android:value="AIzaSyCNzxkMNNGAM9w8Edx9qzjkHq4h50VsChY" />
75
76            <intent-filter>
77                <action android:name="android.intent.action.MAIN" />
78
79                <category android:name="android.intent.category.LAUNCHER" />
80            </intent-filter>
81        </activity>
82        <!--
83             Don't delete the meta-data below.
84             This is used by the Flutter tool to generate GeneratedPluginRegistrant.java
85        -->
86        <meta-data
87            android:name="flutterEmbedding"
88            android:value="2" />
89
90        <service
90-->[:cloud_firestore] AndroidManifest.xml:10:9-14:19
91            android:name="com.google.firebase.components.ComponentDiscoveryService"
91-->[:cloud_firestore] AndroidManifest.xml:10:18-89
92            android:directBootAware="true"
92-->[com.google.firebase:firebase-common:21.0.0] AndroidManifest.xml:32:13-43
93            android:exported="false" >
93-->[com.google.firebase:firebase-auth:23.0.0] AndroidManifest.xml:68:13-37
94            <meta-data
94-->[:cloud_firestore] AndroidManifest.xml:11:13-13:85
95                android:name="com.google.firebase.components:io.flutter.plugins.firebase.firestore.FlutterFirebaseFirestoreRegistrar"
95-->[:cloud_firestore] AndroidManifest.xml:12:17-134
96                android:value="com.google.firebase.components.ComponentRegistrar" />
96-->[:cloud_firestore] AndroidManifest.xml:13:17-82
97            <meta-data
97-->[:firebase_auth] AndroidManifest.xml:11:13-13:85
98                android:name="com.google.firebase.components:io.flutter.plugins.firebase.auth.FlutterFirebaseAuthRegistrar"
98-->[:firebase_auth] AndroidManifest.xml:12:17-124
99                android:value="com.google.firebase.components.ComponentRegistrar" />
99-->[:firebase_auth] AndroidManifest.xml:13:17-82
100            <meta-data
100-->[:firebase_storage] AndroidManifest.xml:11:13-13:85
101                android:name="com.google.firebase.components:io.flutter.plugins.firebase.storage.FlutterFirebaseAppRegistrar"
101-->[:firebase_storage] AndroidManifest.xml:12:17-126
102                android:value="com.google.firebase.components.ComponentRegistrar" />
102-->[:firebase_storage] AndroidManifest.xml:13:17-82
103            <meta-data
103-->[:firebase_core] AndroidManifest.xml:11:13-13:85
104                android:name="com.google.firebase.components:io.flutter.plugins.firebase.core.FlutterFirebaseCoreRegistrar"
104-->[:firebase_core] AndroidManifest.xml:12:17-124
105                android:value="com.google.firebase.components.ComponentRegistrar" />
105-->[:firebase_core] AndroidManifest.xml:13:17-82
106            <meta-data
106-->[com.google.firebase:firebase-auth:23.0.0] AndroidManifest.xml:69:13-71:85
107                android:name="com.google.firebase.components:com.google.firebase.auth.FirebaseAuthRegistrar"
107-->[com.google.firebase:firebase-auth:23.0.0] AndroidManifest.xml:70:17-109
108                android:value="com.google.firebase.components.ComponentRegistrar" />
108-->[com.google.firebase:firebase-auth:23.0.0] AndroidManifest.xml:71:17-82
109            <meta-data
109-->[com.google.firebase:firebase-firestore:25.0.0] AndroidManifest.xml:17:13-19:85
110                android:name="com.google.firebase.components:com.google.firebase.firestore.FirebaseFirestoreKtxRegistrar"
110-->[com.google.firebase:firebase-firestore:25.0.0] AndroidManifest.xml:18:17-122
111                android:value="com.google.firebase.components.ComponentRegistrar" />
111-->[com.google.firebase:firebase-firestore:25.0.0] AndroidManifest.xml:19:17-82
112            <meta-data
112-->[com.google.firebase:firebase-firestore:25.0.0] AndroidManifest.xml:20:13-22:85
113                android:name="com.google.firebase.components:com.google.firebase.firestore.FirestoreRegistrar"
113-->[com.google.firebase:firebase-firestore:25.0.0] AndroidManifest.xml:21:17-111
114                android:value="com.google.firebase.components.ComponentRegistrar" />
114-->[com.google.firebase:firebase-firestore:25.0.0] AndroidManifest.xml:22:17-82
115            <meta-data
115-->[com.google.firebase:firebase-storage:21.0.0] AndroidManifest.xml:30:13-32:85
116                android:name="com.google.firebase.components:com.google.firebase.storage.FirebaseStorageKtxRegistrar"
116-->[com.google.firebase:firebase-storage:21.0.0] AndroidManifest.xml:31:17-118
117                android:value="com.google.firebase.components.ComponentRegistrar" />
117-->[com.google.firebase:firebase-storage:21.0.0] AndroidManifest.xml:32:17-82
118            <meta-data
118-->[com.google.firebase:firebase-storage:21.0.0] AndroidManifest.xml:33:13-35:85
119                android:name="com.google.firebase.components:com.google.firebase.storage.StorageRegistrar"
119-->[com.google.firebase:firebase-storage:21.0.0] AndroidManifest.xml:34:17-107
120                android:value="com.google.firebase.components.ComponentRegistrar" />
120-->[com.google.firebase:firebase-storage:21.0.0] AndroidManifest.xml:35:17-82
121            <meta-data
121-->[com.google.firebase:firebase-appcheck:18.0.0] AndroidManifest.xml:25:13-27:85
122                android:name="com.google.firebase.components:com.google.firebase.appcheck.FirebaseAppCheckKtxRegistrar"
122-->[com.google.firebase:firebase-appcheck:18.0.0] AndroidManifest.xml:26:17-120
123                android:value="com.google.firebase.components.ComponentRegistrar" />
123-->[com.google.firebase:firebase-appcheck:18.0.0] AndroidManifest.xml:27:17-82
124            <meta-data
124-->[com.google.firebase:firebase-appcheck:18.0.0] AndroidManifest.xml:28:13-30:85
125                android:name="com.google.firebase.components:com.google.firebase.appcheck.FirebaseAppCheckRegistrar"
125-->[com.google.firebase:firebase-appcheck:18.0.0] AndroidManifest.xml:29:17-117
126                android:value="com.google.firebase.components.ComponentRegistrar" />
126-->[com.google.firebase:firebase-appcheck:18.0.0] AndroidManifest.xml:30:17-82
127            <meta-data
127-->[com.google.firebase:firebase-common-ktx:21.0.0] AndroidManifest.xml:12:13-14:85
128                android:name="com.google.firebase.components:com.google.firebase.ktx.FirebaseCommonLegacyRegistrar"
128-->[com.google.firebase:firebase-common-ktx:21.0.0] AndroidManifest.xml:13:17-116
129                android:value="com.google.firebase.components.ComponentRegistrar" />
129-->[com.google.firebase:firebase-common-ktx:21.0.0] AndroidManifest.xml:14:17-82
130            <meta-data
130-->[com.google.firebase:firebase-common:21.0.0] AndroidManifest.xml:35:13-37:85
131                android:name="com.google.firebase.components:com.google.firebase.FirebaseCommonKtxRegistrar"
131-->[com.google.firebase:firebase-common:21.0.0] AndroidManifest.xml:36:17-109
132                android:value="com.google.firebase.components.ComponentRegistrar" />
132-->[com.google.firebase:firebase-common:21.0.0] AndroidManifest.xml:37:17-82
133        </service>
134        <service
134-->[:geolocator_android] AndroidManifest.xml:10:9-14:56
135            android:name="com.baseflow.geolocator.GeolocatorLocationService"
135-->[:geolocator_android] AndroidManifest.xml:11:13-77
136            android:enabled="true"
136-->[:geolocator_android] AndroidManifest.xml:12:13-35
137            android:exported="false"
137-->[:geolocator_android] AndroidManifest.xml:13:13-37
138            android:foregroundServiceType="location" />
138-->[:geolocator_android] AndroidManifest.xml:14:13-53
139
140        <activity
140-->[com.google.firebase:firebase-auth:23.0.0] AndroidManifest.xml:29:9-46:20
141            android:name="com.google.firebase.auth.internal.GenericIdpActivity"
141-->[com.google.firebase:firebase-auth:23.0.0] AndroidManifest.xml:30:13-80
142            android:excludeFromRecents="true"
142-->[com.google.firebase:firebase-auth:23.0.0] AndroidManifest.xml:31:13-46
143            android:exported="true"
143-->[com.google.firebase:firebase-auth:23.0.0] AndroidManifest.xml:32:13-36
144            android:launchMode="singleTask"
144-->[com.google.firebase:firebase-auth:23.0.0] AndroidManifest.xml:33:13-44
145            android:theme="@android:style/Theme.Translucent.NoTitleBar" >
145-->[com.google.firebase:firebase-auth:23.0.0] AndroidManifest.xml:34:13-72
146            <intent-filter>
146-->[com.google.firebase:firebase-auth:23.0.0] AndroidManifest.xml:35:13-45:29
147                <action android:name="android.intent.action.VIEW" />
147-->[com.google.firebase:firebase-auth:23.0.0] AndroidManifest.xml:36:17-69
147-->[com.google.firebase:firebase-auth:23.0.0] AndroidManifest.xml:36:25-66
148
149                <category android:name="android.intent.category.DEFAULT" />
149-->[com.google.firebase:firebase-auth:23.0.0] AndroidManifest.xml:38:17-76
149-->[com.google.firebase:firebase-auth:23.0.0] AndroidManifest.xml:38:27-73
150                <category android:name="android.intent.category.BROWSABLE" />
150-->[com.google.firebase:firebase-auth:23.0.0] AndroidManifest.xml:39:17-78
150-->[com.google.firebase:firebase-auth:23.0.0] AndroidManifest.xml:39:27-75
151
152                <data
152-->src\main\AndroidManifest.xml:45:13-50
153                    android:host="firebase.auth"
154                    android:path="/"
155                    android:scheme="genericidp" />
156            </intent-filter>
157        </activity>
158        <activity
158-->[com.google.firebase:firebase-auth:23.0.0] AndroidManifest.xml:47:9-64:20
159            android:name="com.google.firebase.auth.internal.RecaptchaActivity"
159-->[com.google.firebase:firebase-auth:23.0.0] AndroidManifest.xml:48:13-79
160            android:excludeFromRecents="true"
160-->[com.google.firebase:firebase-auth:23.0.0] AndroidManifest.xml:49:13-46
161            android:exported="true"
161-->[com.google.firebase:firebase-auth:23.0.0] AndroidManifest.xml:50:13-36
162            android:launchMode="singleTask"
162-->[com.google.firebase:firebase-auth:23.0.0] AndroidManifest.xml:51:13-44
163            android:theme="@android:style/Theme.Translucent.NoTitleBar" >
163-->[com.google.firebase:firebase-auth:23.0.0] AndroidManifest.xml:52:13-72
164            <intent-filter>
164-->[com.google.firebase:firebase-auth:23.0.0] AndroidManifest.xml:53:13-63:29
165                <action android:name="android.intent.action.VIEW" />
165-->[com.google.firebase:firebase-auth:23.0.0] AndroidManifest.xml:36:17-69
165-->[com.google.firebase:firebase-auth:23.0.0] AndroidManifest.xml:36:25-66
166
167                <category android:name="android.intent.category.DEFAULT" />
167-->[com.google.firebase:firebase-auth:23.0.0] AndroidManifest.xml:38:17-76
167-->[com.google.firebase:firebase-auth:23.0.0] AndroidManifest.xml:38:27-73
168                <category android:name="android.intent.category.BROWSABLE" />
168-->[com.google.firebase:firebase-auth:23.0.0] AndroidManifest.xml:39:17-78
168-->[com.google.firebase:firebase-auth:23.0.0] AndroidManifest.xml:39:27-75
169
170                <data
170-->src\main\AndroidManifest.xml:45:13-50
171                    android:host="firebase.auth"
172                    android:path="/"
173                    android:scheme="recaptcha" />
174            </intent-filter>
175        </activity>
176
177        <uses-library
177-->[androidx.window:window:1.0.0-beta04] AndroidManifest.xml:25:9-27:40
178            android:name="androidx.window.extensions"
178-->[androidx.window:window:1.0.0-beta04] AndroidManifest.xml:26:13-54
179            android:required="false" />
179-->[androidx.window:window:1.0.0-beta04] AndroidManifest.xml:27:13-37
180        <uses-library
180-->[androidx.window:window:1.0.0-beta04] AndroidManifest.xml:28:9-30:40
181            android:name="androidx.window.sidecar"
181-->[androidx.window:window:1.0.0-beta04] AndroidManifest.xml:29:13-51
182            android:required="false" />
182-->[androidx.window:window:1.0.0-beta04] AndroidManifest.xml:30:13-37
183
184        <service
184-->[androidx.credentials:credentials-play-services-auth:1.2.0-rc01] AndroidManifest.xml:24:9-32:19
185            android:name="androidx.credentials.playservices.CredentialProviderMetadataHolder"
185-->[androidx.credentials:credentials-play-services-auth:1.2.0-rc01] AndroidManifest.xml:25:13-94
186            android:enabled="true"
186-->[androidx.credentials:credentials-play-services-auth:1.2.0-rc01] AndroidManifest.xml:26:13-35
187            android:exported="false" >
187-->[androidx.credentials:credentials-play-services-auth:1.2.0-rc01] AndroidManifest.xml:27:13-37
188            <meta-data
188-->[androidx.credentials:credentials-play-services-auth:1.2.0-rc01] AndroidManifest.xml:29:13-31:104
189                android:name="androidx.credentials.CREDENTIAL_PROVIDER_KEY"
189-->[androidx.credentials:credentials-play-services-auth:1.2.0-rc01] AndroidManifest.xml:30:17-76
190                android:value="androidx.credentials.playservices.CredentialProviderPlayServicesImpl" />
190-->[androidx.credentials:credentials-play-services-auth:1.2.0-rc01] AndroidManifest.xml:31:17-101
191        </service>
192
193        <activity
193-->[androidx.credentials:credentials-play-services-auth:1.2.0-rc01] AndroidManifest.xml:34:9-41:20
194            android:name="androidx.credentials.playservices.HiddenActivity"
194-->[androidx.credentials:credentials-play-services-auth:1.2.0-rc01] AndroidManifest.xml:35:13-76
195            android:configChanges="orientation|screenSize|screenLayout|keyboardHidden"
195-->[androidx.credentials:credentials-play-services-auth:1.2.0-rc01] AndroidManifest.xml:36:13-87
196            android:enabled="true"
196-->[androidx.credentials:credentials-play-services-auth:1.2.0-rc01] AndroidManifest.xml:37:13-35
197            android:exported="false"
197-->[androidx.credentials:credentials-play-services-auth:1.2.0-rc01] AndroidManifest.xml:38:13-37
198            android:fitsSystemWindows="true"
198-->[androidx.credentials:credentials-play-services-auth:1.2.0-rc01] AndroidManifest.xml:39:13-45
199            android:theme="@style/Theme.Hidden" >
199-->[androidx.credentials:credentials-play-services-auth:1.2.0-rc01] AndroidManifest.xml:40:13-48
200        </activity>
201
202        <provider
202-->[com.google.firebase:firebase-common:21.0.0] AndroidManifest.xml:23:9-28:39
203            android:name="com.google.firebase.provider.FirebaseInitProvider"
203-->[com.google.firebase:firebase-common:21.0.0] AndroidManifest.xml:24:13-77
204            android:authorities="com.example.medi_app.firebaseinitprovider"
204-->[com.google.firebase:firebase-common:21.0.0] AndroidManifest.xml:25:13-72
205            android:directBootAware="true"
205-->[com.google.firebase:firebase-common:21.0.0] AndroidManifest.xml:26:13-43
206            android:exported="false"
206-->[com.google.firebase:firebase-common:21.0.0] AndroidManifest.xml:27:13-37
207            android:initOrder="100" /> <!-- Needs to be explicitly declared on P+ -->
207-->[com.google.firebase:firebase-common:21.0.0] AndroidManifest.xml:28:13-36
208        <uses-library
208-->[com.google.android.gms:play-services-maps:18.2.0] AndroidManifest.xml:39:9-41:40
209            android:name="org.apache.http.legacy"
209-->[com.google.android.gms:play-services-maps:18.2.0] AndroidManifest.xml:40:13-50
210            android:required="false" />
210-->[com.google.android.gms:play-services-maps:18.2.0] AndroidManifest.xml:41:13-37
211
212        <activity
212-->[com.google.android.gms:play-services-auth:20.7.0] AndroidManifest.xml:23:9-27:75
213            android:name="com.google.android.gms.auth.api.signin.internal.SignInHubActivity"
213-->[com.google.android.gms:play-services-auth:20.7.0] AndroidManifest.xml:24:13-93
214            android:excludeFromRecents="true"
214-->[com.google.android.gms:play-services-auth:20.7.0] AndroidManifest.xml:25:13-46
215            android:exported="false"
215-->[com.google.android.gms:play-services-auth:20.7.0] AndroidManifest.xml:26:13-37
216            android:theme="@android:style/Theme.Translucent.NoTitleBar" />
216-->[com.google.android.gms:play-services-auth:20.7.0] AndroidManifest.xml:27:13-72
217        <!--
218            Service handling Google Sign-In user revocation. For apps that do not integrate with
219            Google Sign-In, this service will never be started.
220        -->
221        <service
221-->[com.google.android.gms:play-services-auth:20.7.0] AndroidManifest.xml:33:9-37:51
222            android:name="com.google.android.gms.auth.api.signin.RevocationBoundService"
222-->[com.google.android.gms:play-services-auth:20.7.0] AndroidManifest.xml:34:13-89
223            android:exported="true"
223-->[com.google.android.gms:play-services-auth:20.7.0] AndroidManifest.xml:35:13-36
224            android:permission="com.google.android.gms.auth.api.signin.permission.REVOCATION_NOTIFICATION"
224-->[com.google.android.gms:play-services-auth:20.7.0] AndroidManifest.xml:36:13-107
225            android:visibleToInstantApps="true" />
225-->[com.google.android.gms:play-services-auth:20.7.0] AndroidManifest.xml:37:13-48
226
227        <activity
227-->[com.google.android.gms:play-services-base:18.3.0] AndroidManifest.xml:20:9-22:45
228            android:name="com.google.android.gms.common.api.GoogleApiActivity"
228-->[com.google.android.gms:play-services-base:18.3.0] AndroidManifest.xml:20:19-85
229            android:exported="false"
229-->[com.google.android.gms:play-services-base:18.3.0] AndroidManifest.xml:22:19-43
230            android:theme="@android:style/Theme.Translucent.NoTitleBar" />
230-->[com.google.android.gms:play-services-base:18.3.0] AndroidManifest.xml:21:19-78
231
232        <meta-data
232-->[com.google.android.gms:play-services-basement:18.3.0] AndroidManifest.xml:21:9-23:69
233            android:name="com.google.android.gms.version"
233-->[com.google.android.gms:play-services-basement:18.3.0] AndroidManifest.xml:22:13-58
234            android:value="@integer/google_play_services_version" />
234-->[com.google.android.gms:play-services-basement:18.3.0] AndroidManifest.xml:23:13-66
235
236        <provider
236-->[androidx.profileinstaller:profileinstaller:1.3.0] AndroidManifest.xml:24:9-32:20
237            android:name="androidx.startup.InitializationProvider"
237-->[androidx.profileinstaller:profileinstaller:1.3.0] AndroidManifest.xml:25:13-67
238            android:authorities="com.example.medi_app.androidx-startup"
238-->[androidx.profileinstaller:profileinstaller:1.3.0] AndroidManifest.xml:26:13-68
239            android:exported="false" >
239-->[androidx.profileinstaller:profileinstaller:1.3.0] AndroidManifest.xml:27:13-37
240            <meta-data
240-->[androidx.profileinstaller:profileinstaller:1.3.0] AndroidManifest.xml:29:13-31:52
241                android:name="androidx.profileinstaller.ProfileInstallerInitializer"
241-->[androidx.profileinstaller:profileinstaller:1.3.0] AndroidManifest.xml:30:17-85
242                android:value="androidx.startup" />
242-->[androidx.profileinstaller:profileinstaller:1.3.0] AndroidManifest.xml:31:17-49
243        </provider>
244
245        <receiver
245-->[androidx.profileinstaller:profileinstaller:1.3.0] AndroidManifest.xml:34:9-52:20
246            android:name="androidx.profileinstaller.ProfileInstallReceiver"
246-->[androidx.profileinstaller:profileinstaller:1.3.0] AndroidManifest.xml:35:13-76
247            android:directBootAware="false"
247-->[androidx.profileinstaller:profileinstaller:1.3.0] AndroidManifest.xml:36:13-44
248            android:enabled="true"
248-->[androidx.profileinstaller:profileinstaller:1.3.0] AndroidManifest.xml:37:13-35
249            android:exported="true"
249-->[androidx.profileinstaller:profileinstaller:1.3.0] AndroidManifest.xml:38:13-36
250            android:permission="android.permission.DUMP" >
250-->[androidx.profileinstaller:profileinstaller:1.3.0] AndroidManifest.xml:39:13-57
251            <intent-filter>
251-->[androidx.profileinstaller:profileinstaller:1.3.0] AndroidManifest.xml:40:13-42:29
252                <action android:name="androidx.profileinstaller.action.INSTALL_PROFILE" />
252-->[androidx.profileinstaller:profileinstaller:1.3.0] AndroidManifest.xml:41:17-91
252-->[androidx.profileinstaller:profileinstaller:1.3.0] AndroidManifest.xml:41:25-88
253            </intent-filter>
254            <intent-filter>
254-->[androidx.profileinstaller:profileinstaller:1.3.0] AndroidManifest.xml:43:13-45:29
255                <action android:name="androidx.profileinstaller.action.SKIP_FILE" />
255-->[androidx.profileinstaller:profileinstaller:1.3.0] AndroidManifest.xml:44:17-85
255-->[androidx.profileinstaller:profileinstaller:1.3.0] AndroidManifest.xml:44:25-82
256            </intent-filter>
257            <intent-filter>
257-->[androidx.profileinstaller:profileinstaller:1.3.0] AndroidManifest.xml:46:13-48:29
258                <action android:name="androidx.profileinstaller.action.SAVE_PROFILE" />
258-->[androidx.profileinstaller:profileinstaller:1.3.0] AndroidManifest.xml:47:17-88
258-->[androidx.profileinstaller:profileinstaller:1.3.0] AndroidManifest.xml:47:25-85
259            </intent-filter>
260            <intent-filter>
260-->[androidx.profileinstaller:profileinstaller:1.3.0] AndroidManifest.xml:49:13-51:29
261                <action android:name="androidx.profileinstaller.action.BENCHMARK_OPERATION" />
261-->[androidx.profileinstaller:profileinstaller:1.3.0] AndroidManifest.xml:50:17-95
261-->[androidx.profileinstaller:profileinstaller:1.3.0] AndroidManifest.xml:50:25-92
262            </intent-filter>
263        </receiver>
264    </application>
265
266</manifest>